<?xml version="1.0" encoding="UTF-8"?>
<!-- Generated by org.testng.reporters.JUnitReportReporter -->
<testsuite hostname="LIN41004666" failures="0" tests="3" name="testrunner.LoginPage1" time="138.730" errors="0" timestamp="2023-06-07T16:45:45 IST" skipped="0">
  <testcase classname="testrunner.LoginPage1" name="runScenario" time="70.770"/>
  <system-out/>
  <testcase classname="testrunner.LoginPage1" name="runScenario" time="36.177"/>
  <system-out/>
  <testcase classname="testrunner.LoginPage1" name="runScenario" time="31.783"/>
  <system-out/>
</testsuite> <!-- testrunner.LoginPage1 -->
