<?xml version="1.0" encoding="UTF-8"?>
<!-- Generated by org.testng.reporters.JUnitReportReporter -->
<testsuite hostname="LIN41004666" failures="0" tests="1" name="testrunner.LoginPage2" time="107.459" errors="0" timestamp="2023-06-07T16:49:28 IST" skipped="0">
  <testcase classname="testrunner.LoginPage2" name="runScenario" time="107.459"/>
  <system-out/>
</testsuite> <!-- testrunner.LoginPage2 -->
