<?xml version="1.0" encoding="UTF-8"?>
<!-- Generated by org.testng.reporters.JUnitReportReporter -->
<testsuite hostname="LIN41004666" failures="0" tests="1" name="testrunner.LoginPage2" time="38.395" errors="0" timestamp="2023-06-08T12:03:21 IST" skipped="0">
  <testcase classname="testrunner.LoginPage2" name="runScenario" time="38.395"/>
  <system-out/>
</testsuite> <!-- testrunner.LoginPage2 -->
