<?xml version="1.0" encoding="UTF-8"?>
<!-- Generated by org.testng.reporters.JUnitReportReporter -->
<testsuite hostname="LIN41004666" failures="0" tests="2" name="testrunner.LoginPage2_TestRunner" time="0.463" errors="2" timestamp="2023-06-05T11:05:02 IST" skipped="0">
  <testcase classname="testrunner.LoginPage2_TestRunner" name="runScenario" time="0.444">
    <error message="Cannot invoke &quot;String.hashCode()&quot; because &quot;browser&quot; is null" type="java.lang.NullPointerException">
      <![CDATA[java.lang.NullPointerException: Cannot invoke "String.hashCode()" because "browser" is null
at utility.Utility.launchingBrowser(Utility.java:26)
at apphooks.ApplicationHooks.launchBrowser(ApplicationHooks.java:12)
]]>
    </error>
  </testcase> <!-- runScenario -->
  <system-out/>
  <testcase classname="testrunner.LoginPage2_TestRunner" name="runScenario" time="0.019">
    <error message="Cannot invoke &quot;String.hashCode()&quot; because &quot;browser&quot; is null" type="java.lang.NullPointerException">
      <![CDATA[java.lang.NullPointerException: Cannot invoke "String.hashCode()" because "browser" is null
at utility.Utility.launchingBrowser(Utility.java:26)
at apphooks.ApplicationHooks.launchBrowser(ApplicationHooks.java:12)
]]>
    </error>
  </testcase> <!-- runScenario -->
  <system-out/>
</testsuite> <!-- testrunner.LoginPage2_TestRunner -->
