<?xml version="1.0" encoding="UTF-8"?>
<!-- Generated by org.testng.reporters.JUnitReportReporter -->
<testsuite hostname="LIN41004666" failures="0" tests="2" name="testrunner.LoginPage_Excel" time="122.215" errors="0" timestamp="2023-06-08T11:02:41 IST" skipped="0">
  <testcase classname="testrunner.LoginPage_Excel" name="runScenario" time="59.147"/>
  <system-out/>
  <testcase classname="testrunner.LoginPage_Excel" name="runScenario" time="63.068"/>
  <system-out/>
</testsuite> <!-- testrunner.LoginPage_Excel -->
