<?xml version="1.0" encoding="UTF-8"?>
<!-- Generated by org.testng.reporters.JUnitReportReporter -->
<testsuite hostname="LIN41004666" failures="0" tests="3" name="testrunner.LoginPage1" time="129.840" errors="0" timestamp="2023-06-08T11:47:27 IST" skipped="0">
  <testcase classname="testrunner.LoginPage1" name="runScenario" time="67.098"/>
  <system-out/>
  <testcase classname="testrunner.LoginPage1" name="runScenario" time="28.029"/>
  <system-out/>
  <testcase classname="testrunner.LoginPage1" name="runScenario" time="34.713"/>
  <system-out/>
</testsuite> <!-- testrunner.LoginPage1 -->
