<?xml version="1.0" encoding="UTF-8"?>
<!-- Generated by org.testng.reporters.JUnitReportReporter -->
<testsuite hostname="LIN41004666" failures="0" tests="3" name="testrunner.LoginPage1" time="164.631" errors="0" timestamp="2023-06-08T16:17:17 IST" skipped="0">
  <testcase classname="testrunner.LoginPage1" name="runScenario" time="85.383"/>
  <system-out/>
  <testcase classname="testrunner.LoginPage1" name="runScenario" time="37.565"/>
  <system-out/>
  <testcase classname="testrunner.LoginPage1" name="runScenario" time="41.683"/>
  <system-out/>
</testsuite> <!-- testrunner.LoginPage1 -->
